<?xml version="1.0" encoding="UTF-8"?>
<testng-results ignored="0" total="2" passed="2" failed="0" skipped="0">
  <reporter-output>
  </reporter-output>
  <suite started-at="2019-11-21T08:57:28 EST" name="Default suite" finished-at="2019-11-21T08:57:29 EST" duration-ms="93">
    <groups>
    </groups>
    <test started-at="2019-11-21T08:57:28 EST" name="Default test" finished-at="2019-11-21T08:57:29 EST" duration-ms="93">
      <class name="Examples">
        <test-method signature="drop()[pri:0, instance:Examples@4c40b76e]" started-at="2019-11-21T08:57:29 EST" name="drop" finished-at="2019-11-21T08:57:29 EST" duration-ms="17" status="PASS">
          <reporter-output>
          </reporter-output>
        </test-method> <!-- drop -->
        <test-method signature="vyshu()[pri:0, instance:Examples@4c40b76e]" started-at="2019-11-21T08:57:29 EST" name="vyshu" finished-at="2019-11-21T08:57:29 EST" duration-ms="6" status="PASS">
          <reporter-output>
          </reporter-output>
        </test-method> <!-- vyshu -->
      </class> <!-- Examples -->
    </test> <!-- Default test -->
  </suite> <!-- Default suite -->
</testng-results>
